{"C:\\Users\\luiz.torres\\Documents\\rastreamento_entregas_pweb2_bsi\\src\\middlewares\\autenticar.js": {"path":"C:\\Users\\luiz.torres\\Documents\\rastreamento_entregas_pweb2_bsi\\src\\middlewares\\autenticar.js","statementMap":{"0":{"start":{"line":4,"column":14},"end":{"line":4,"column":18}},"1":{"start":{"line":7,"column":2},"end":{"line":16,"column":3}},"2":{"start":{"line":8,"column":4},"end":{"line":8,"column":30}},"3":{"start":{"line":11,"column":7},"end":{"line":16,"column":3}},"4":{"start":{"line":12,"column":18},"end":{"line":12,"column":54}},"5":{"start":{"line":13,"column":4},"end":{"line":15,"column":5}},"6":{"start":{"line":14,"column":6},"end":{"line":14,"column":23}},"7":{"start":{"line":19,"column":2},"end":{"line":25,"column":3}},"8":{"start":{"line":21,"column":4},"end":{"line":23,"column":5}},"9":{"start":{"line":22,"column":6},"end":{"line":22,"column":36}},"10":{"start":{"line":24,"column":4},"end":{"line":24,"column":65}},"11":{"start":{"line":27,"column":2},"end":{"line":45,"column":3}},"12":{"start":{"line":28,"column":20},"end":{"line":28,"column":61}},"13":{"start":{"line":30,"column":4},"end":{"line":35,"column":6}},"14":{"start":{"line":37,"column":4},"end":{"line":37,"column":18}},"15":{"start":{"line":40,"column":4},"end":{"line":43,"column":5}},"16":{"start":{"line":41,"column":6},"end":{"line":41,"column":31}},"17":{"start":{"line":42,"column":6},"end":{"line":42,"column":41}},"18":{"start":{"line":44,"column":4},"end":{"line":44,"column":72}}},"fnMap":{"0":{"name":"autenticar","decl":{"start":{"line":3,"column":16},"end":{"line":3,"column":26}},"loc":{"start":{"line":3,"column":43},"end":{"line":46,"column":1}},"line":3}},"branchMap":{"0":{"loc":{"start":{"line":7,"column":2},"end":{"line":16,"column":3}},"type":"if","locations":[{"start":{"line":7,"column":2},"end":{"line":16,"column":3}},{"start":{"line":11,"column":7},"end":{"line":16,"column":3}}],"line":7},"1":{"loc":{"start":{"line":7,"column":6},"end":{"line":7,"column":38}},"type":"binary-expr","locations":[{"start":{"line":7,"column":6},"end":{"line":7,"column":17}},{"start":{"line":7,"column":21},"end":{"line":7,"column":38}}],"line":7},"2":{"loc":{"start":{"line":11,"column":7},"end":{"line":16,"column":3}},"type":"if","locations":[{"start":{"line":11,"column":7},"end":{"line":16,"column":3}},{"start":{},"end":{}}],"line":11},"3":{"loc":{"start":{"line":13,"column":4},"end":{"line":15,"column":5}},"type":"if","locations":[{"start":{"line":13,"column":4},"end":{"line":15,"column":5}},{"start":{},"end":{}}],"line":13},"4":{"loc":{"start":{"line":13,"column":8},"end":{"line":13,"column":51}},"type":"binary-expr","locations":[{"start":{"line":13,"column":8},"end":{"line":13,"column":26}},{"start":{"line":13,"column":30},"end":{"line":13,"column":51}}],"line":13},"5":{"loc":{"start":{"line":19,"column":2},"end":{"line":25,"column":3}},"type":"if","locations":[{"start":{"line":19,"column":2},"end":{"line":25,"column":3}},{"start":{},"end":{}}],"line":19},"6":{"loc":{"start":{"line":21,"column":4},"end":{"line":23,"column":5}},"type":"if","locations":[{"start":{"line":21,"column":4},"end":{"line":23,"column":5}},{"start":{},"end":{}}],"line":21},"7":{"loc":{"start":{"line":40,"column":4},"end":{"line":43,"column":5}},"type":"if","locations":[{"start":{"line":40,"column":4},"end":{"line":43,"column":5}},{"start":{},"end":{}}],"line":40}},"s":{"0":13,"1":13,"2":3,"3":10,"4":7,"5":7,"6":6,"7":13,"8":4,"9":1,"10":3,"11":9,"12":9,"13":5,"14":5,"15":4,"16":1,"17":1,"18":3},"f":{"0":13},"b":{"0":[3,10],"1":[13,13],"2":[7,3],"3":[6,1],"4":[7,7],"5":[4,9],"6":[1,3],"7":[1,3]},"inputSourceMap":null,"_coverageSchema":"1a1c01bbd47fc00a2c39e90264f33305004495a9","hash":"e140b465e62f2cb38c481974468d16bd98d05ff9"}
,"C:\\Users\\luiz.torres\\Documents\\rastreamento_entregas_pweb2_bsi\\src\\middlewares\\autorizar.js": {"path":"C:\\Users\\luiz.torres\\Documents\\rastreamento_entregas_pweb2_bsi\\src\\middlewares\\autorizar.js","statementMap":{"0":{"start":{"line":2,"column":2},"end":{"line":13,"column":4}},"1":{"start":{"line":3,"column":4},"end":{"line":5,"column":5}},"2":{"start":{"line":4,"column":6},"end":{"line":4,"column":71}},"3":{"start":{"line":8,"column":4},"end":{"line":10,"column":5}},"4":{"start":{"line":9,"column":6},"end":{"line":9,"column":61}},"5":{"start":{"line":12,"column":4},"end":{"line":12,"column":18}}},"fnMap":{"0":{"name":"autorizar","decl":{"start":{"line":1,"column":16},"end":{"line":1,"column":25}},"loc":{"start":{"line":1,"column":37},"end":{"line":14,"column":1}},"line":1},"1":{"name":"(anonymous_1)","decl":{"start":{"line":2,"column":9},"end":{"line":2,"column":10}},"loc":{"start":{"line":2,"column":29},"end":{"line":13,"column":3}},"line":2}},"branchMap":{"0":{"loc":{"start":{"line":3,"column":4},"end":{"line":5,"column":5}},"type":"if","locations":[{"start":{"line":3,"column":4},"end":{"line":5,"column":5}},{"start":{},"end":{}}],"line":3},"1":{"loc":{"start":{"line":8,"column":4},"end":{"line":10,"column":5}},"type":"if","locations":[{"start":{"line":8,"column":4},"end":{"line":10,"column":5}},{"start":{},"end":{}}],"line":8}},"s":{"0":23,"1":4,"2":1,"3":3,"4":2,"5":1},"f":{"0":23,"1":4},"b":{"0":[1,3],"1":[2,1]},"inputSourceMap":null,"_coverageSchema":"1a1c01bbd47fc00a2c39e90264f33305004495a9","hash":"b11fb27b4f3d023a07392af75ff228a32e5542db"}
,"C:\\Users\\luiz.torres\\Documents\\rastreamento_entregas_pweb2_bsi\\src\\services\\AuthService.js": {"path":"C:\\Users\\luiz.torres\\Documents\\rastreamento_entregas_pweb2_bsi\\src\\services\\AuthService.js","statementMap":{"0":{"start":{"line":7,"column":4},"end":{"line":7,"column":49}},"1":{"start":{"line":11,"column":4},"end":{"line":13,"column":5}},"2":{"start":{"line":12,"column":6},"end":{"line":12,"column":70}},"3":{"start":{"line":15,"column":22},"end":{"line":15,"column":73}},"4":{"start":{"line":16,"column":4},"end":{"line":18,"column":5}},"5":{"start":{"line":17,"column":6},"end":{"line":17,"column":53}},"6":{"start":{"line":21,"column":22},"end":{"line":21,"column":50}},"7":{"start":{"line":23,"column":20},"end":{"line":28,"column":6}},"8":{"start":{"line":31,"column":4},"end":{"line":36,"column":6}},"9":{"start":{"line":40,"column":4},"end":{"line":42,"column":5}},"10":{"start":{"line":41,"column":6},"end":{"line":41,"column":64}},"11":{"start":{"line":44,"column":20},"end":{"line":44,"column":71}},"12":{"start":{"line":45,"column":4},"end":{"line":47,"column":5}},"13":{"start":{"line":46,"column":6},"end":{"line":46,"column":55}},"14":{"start":{"line":49,"column":24},"end":{"line":49,"column":70}},"15":{"start":{"line":50,"column":4},"end":{"line":52,"column":5}},"16":{"start":{"line":51,"column":6},"end":{"line":51,"column":55}},"17":{"start":{"line":54,"column":20},"end":{"line":59,"column":5}},"18":{"start":{"line":62,"column":24},"end":{"line":64,"column":6}},"19":{"start":{"line":66,"column":4},"end":{"line":66,"column":39}}},"fnMap":{"0":{"name":"(anonymous_0)","decl":{"start":{"line":6,"column":2},"end":{"line":6,"column":3}},"loc":{"start":{"line":6,"column":34},"end":{"line":8,"column":3}},"line":6},"1":{"name":"(anonymous_1)","decl":{"start":{"line":10,"column":2},"end":{"line":10,"column":3}},"loc":{"start":{"line":10,"column":62},"end":{"line":37,"column":3}},"line":10},"2":{"name":"(anonymous_2)","decl":{"start":{"line":39,"column":2},"end":{"line":39,"column":3}},"loc":{"start":{"line":39,"column":32},"end":{"line":67,"column":3}},"line":39}},"branchMap":{"0":{"loc":{"start":{"line":10,"column":40},"end":{"line":10,"column":58}},"type":"default-arg","locations":[{"start":{"line":10,"column":48},"end":{"line":10,"column":58}}],"line":10},"1":{"loc":{"start":{"line":11,"column":4},"end":{"line":13,"column":5}},"type":"if","locations":[{"start":{"line":11,"column":4},"end":{"line":13,"column":5}},{"start":{},"end":{}}],"line":11},"2":{"loc":{"start":{"line":11,"column":8},"end":{"line":11,"column":33}},"type":"binary-expr","locations":[{"start":{"line":11,"column":8},"end":{"line":11,"column":13}},{"start":{"line":11,"column":17},"end":{"line":11,"column":23}},{"start":{"line":11,"column":27},"end":{"line":11,"column":33}}],"line":11},"3":{"loc":{"start":{"line":16,"column":4},"end":{"line":18,"column":5}},"type":"if","locations":[{"start":{"line":16,"column":4},"end":{"line":18,"column":5}},{"start":{},"end":{}}],"line":16},"4":{"loc":{"start":{"line":40,"column":4},"end":{"line":42,"column":5}},"type":"if","locations":[{"start":{"line":40,"column":4},"end":{"line":42,"column":5}},{"start":{},"end":{}}],"line":40},"5":{"loc":{"start":{"line":40,"column":8},"end":{"line":40,"column":24}},"type":"binary-expr","locations":[{"start":{"line":40,"column":8},"end":{"line":40,"column":14}},{"start":{"line":40,"column":18},"end":{"line":40,"column":24}}],"line":40},"6":{"loc":{"start":{"line":45,"column":4},"end":{"line":47,"column":5}},"type":"if","locations":[{"start":{"line":45,"column":4},"end":{"line":47,"column":5}},{"start":{},"end":{}}],"line":45},"7":{"loc":{"start":{"line":50,"column":4},"end":{"line":52,"column":5}},"type":"if","locations":[{"start":{"line":50,"column":4},"end":{"line":52,"column":5}},{"start":{},"end":{}}],"line":50},"8":{"loc":{"start":{"line":63,"column":17},"end":{"line":63,"column":51}},"type":"binary-expr","locations":[{"start":{"line":63,"column":17},"end":{"line":63,"column":43}},{"start":{"line":63,"column":47},"end":{"line":63,"column":51}}],"line":63}},"s":{"0":7,"1":7,"2":0,"3":7,"4":7,"5":2,"6":5,"7":5,"8":5,"9":6,"10":0,"11":6,"12":6,"13":2,"14":4,"15":4,"16":2,"17":2,"18":2,"19":2},"f":{"0":7,"1":7,"2":6},"b":{"0":[6],"1":[0,7],"2":[7,7,7],"3":[2,5],"4":[0,6],"5":[6,6],"6":[2,4],"7":[2,2],"8":[2,0]},"inputSourceMap":null,"_coverageSchema":"1a1c01bbd47fc00a2c39e90264f33305004495a9","hash":"8d904c66e46210415cb06fc526a3b9ed92dcc317"}
,"C:\\Users\\luiz.torres\\Documents\\rastreamento_entregas_pweb2_bsi\\src\\services\\EntregasService.js": {"path":"C:\\Users\\luiz.torres\\Documents\\rastreamento_entregas_pweb2_bsi\\src\\services\\EntregasService.js","statementMap":{"0":{"start":{"line":3,"column":15},"end":{"line":8,"column":1}},"1":{"start":{"line":10,"column":25},"end":{"line":13,"column":1}},"2":{"start":{"line":21,"column":4},"end":{"line":21,"column":49}},"3":{"start":{"line":22,"column":4},"end":{"line":22,"column":53}},"4":{"start":{"line":26,"column":4},"end":{"line":28,"column":5}},"5":{"start":{"line":27,"column":6},"end":{"line":27,"column":71}},"6":{"start":{"line":30,"column":22},"end":{"line":30,"column":102}},"7":{"start":{"line":32,"column":4},"end":{"line":34,"column":5}},"8":{"start":{"line":33,"column":6},"end":{"line":33,"column":57}},"9":{"start":{"line":36,"column":24},"end":{"line":49,"column":5}},"10":{"start":{"line":51,"column":4},"end":{"line":51,"column":60}},"11":{"start":{"line":55,"column":4},"end":{"line":57,"column":5}},"12":{"start":{"line":56,"column":6},"end":{"line":56,"column":70}},"13":{"start":{"line":59,"column":4},"end":{"line":59,"column":62}},"14":{"start":{"line":63,"column":30},"end":{"line":63,"column":49}},"15":{"start":{"line":64,"column":20},"end":{"line":64,"column":54}},"16":{"start":{"line":66,"column":4},"end":{"line":68,"column":5}},"17":{"start":{"line":67,"column":6},"end":{"line":67,"column":30}},"18":{"start":{"line":70,"column":4},"end":{"line":70,"column":56}},"19":{"start":{"line":74,"column":20},"end":{"line":74,"column":73}},"20":{"start":{"line":76,"column":4},"end":{"line":78,"column":5}},"21":{"start":{"line":77,"column":6},"end":{"line":77,"column":56}},"22":{"start":{"line":80,"column":4},"end":{"line":80,"column":19}},"23":{"start":{"line":84,"column":20},"end":{"line":84,"column":46}},"24":{"start":{"line":86,"column":4},"end":{"line":88,"column":5}},"25":{"start":{"line":87,"column":6},"end":{"line":87,"column":55}},"26":{"start":{"line":90,"column":4},"end":{"line":104,"column":5}},"27":{"start":{"line":91,"column":6},"end":{"line":91,"column":42}},"28":{"start":{"line":92,"column":6},"end":{"line":95,"column":9}},"29":{"start":{"line":96,"column":11},"end":{"line":104,"column":5}},"30":{"start":{"line":97,"column":6},"end":{"line":97,"column":39}},"31":{"start":{"line":98,"column":6},"end":{"line":101,"column":9}},"32":{"start":{"line":103,"column":6},"end":{"line":103,"column":52}},"33":{"start":{"line":106,"column":4},"end":{"line":106,"column":72}},"34":{"start":{"line":110,"column":20},"end":{"line":110,"column":46}},"35":{"start":{"line":112,"column":4},"end":{"line":114,"column":5}},"36":{"start":{"line":113,"column":6},"end":{"line":113,"column":76}},"37":{"start":{"line":116,"column":4},"end":{"line":118,"column":5}},"38":{"start":{"line":117,"column":6},"end":{"line":117,"column":54}},"39":{"start":{"line":120,"column":4},"end":{"line":120,"column":38}},"40":{"start":{"line":121,"column":4},"end":{"line":124,"column":7}},"41":{"start":{"line":126,"column":4},"end":{"line":126,"column":72}},"42":{"start":{"line":130,"column":20},"end":{"line":130,"column":46}},"43":{"start":{"line":131,"column":4},"end":{"line":131,"column":29}},"44":{"start":{"line":135,"column":20},"end":{"line":135,"column":46}},"45":{"start":{"line":137,"column":4},"end":{"line":139,"column":5}},"46":{"start":{"line":138,"column":6},"end":{"line":138,"column":91}},"47":{"start":{"line":141,"column":22},"end":{"line":141,"column":86}},"48":{"start":{"line":143,"column":4},"end":{"line":145,"column":5}},"49":{"start":{"line":144,"column":6},"end":{"line":144,"column":58}},"50":{"start":{"line":147,"column":4},"end":{"line":149,"column":5}},"51":{"start":{"line":148,"column":6},"end":{"line":148,"column":76}},"52":{"start":{"line":151,"column":23},"end":{"line":151,"column":102}},"53":{"start":{"line":153,"column":4},"end":{"line":153,"column":39}},"54":{"start":{"line":154,"column":4},"end":{"line":159,"column":7}},"55":{"start":{"line":161,"column":4},"end":{"line":161,"column":66}},"56":{"start":{"line":165,"column":2},"end":{"line":167,"column":3}},"57":{"start":{"line":166,"column":4},"end":{"line":166,"column":63}},"58":{"start":{"line":168,"column":2},"end":{"line":168,"column":55}}},"fnMap":{"0":{"name":"(anonymous_0)","decl":{"start":{"line":20,"column":2},"end":{"line":20,"column":3}},"loc":{"start":{"line":20,"column":56},"end":{"line":23,"column":3}},"line":20},"1":{"name":"(anonymous_1)","decl":{"start":{"line":25,"column":2},"end":{"line":25,"column":3}},"loc":{"start":{"line":25,"column":64},"end":{"line":52,"column":3}},"line":25},"2":{"name":"(anonymous_2)","decl":{"start":{"line":54,"column":2},"end":{"line":54,"column":3}},"loc":{"start":{"line":54,"column":32},"end":{"line":60,"column":3}},"line":54},"3":{"name":"(anonymous_3)","decl":{"start":{"line":62,"column":2},"end":{"line":62,"column":3}},"loc":{"start":{"line":62,"column":56},"end":{"line":71,"column":3}},"line":62},"4":{"name":"(anonymous_4)","decl":{"start":{"line":73,"column":2},"end":{"line":73,"column":3}},"loc":{"start":{"line":73,"column":24},"end":{"line":81,"column":3}},"line":73},"5":{"name":"(anonymous_5)","decl":{"start":{"line":83,"column":2},"end":{"line":83,"column":3}},"loc":{"start":{"line":83,"column":27},"end":{"line":107,"column":3}},"line":83},"6":{"name":"(anonymous_6)","decl":{"start":{"line":109,"column":2},"end":{"line":109,"column":3}},"loc":{"start":{"line":109,"column":28},"end":{"line":127,"column":3}},"line":109},"7":{"name":"(anonymous_7)","decl":{"start":{"line":129,"column":2},"end":{"line":129,"column":3}},"loc":{"start":{"line":129,"column":27},"end":{"line":132,"column":3}},"line":129},"8":{"name":"(anonymous_8)","decl":{"start":{"line":134,"column":2},"end":{"line":134,"column":3}},"loc":{"start":{"line":134,"column":43},"end":{"line":162,"column":3}},"line":134},"9":{"name":"(anonymous_9)","decl":{"start":{"line":164,"column":2},"end":{"line":164,"column":3}},"loc":{"start":{"line":164,"column":32},"end":{"line":169,"column":1}},"line":164}},"branchMap":{"0":{"loc":{"start":{"line":26,"column":4},"end":{"line":28,"column":5}},"type":"if","locations":[{"start":{"line":26,"column":4},"end":{"line":28,"column":5}},{"start":{},"end":{}}],"line":26},"1":{"loc":{"start":{"line":32,"column":4},"end":{"line":34,"column":5}},"type":"if","locations":[{"start":{"line":32,"column":4},"end":{"line":34,"column":5}},{"start":{},"end":{}}],"line":32},"2":{"loc":{"start":{"line":55,"column":4},"end":{"line":57,"column":5}},"type":"if","locations":[{"start":{"line":55,"column":4},"end":{"line":57,"column":5}},{"start":{},"end":{}}],"line":55},"3":{"loc":{"start":{"line":59,"column":47},"end":{"line":59,"column":60}},"type":"binary-expr","locations":[{"start":{"line":59,"column":47},"end":{"line":59,"column":54}},{"start":{"line":59,"column":58},"end":{"line":59,"column":60}}],"line":59},"4":{"loc":{"start":{"line":66,"column":4},"end":{"line":68,"column":5}},"type":"if","locations":[{"start":{"line":66,"column":4},"end":{"line":68,"column":5}},{"start":{},"end":{}}],"line":66},"5":{"loc":{"start":{"line":76,"column":4},"end":{"line":78,"column":5}},"type":"if","locations":[{"start":{"line":76,"column":4},"end":{"line":78,"column":5}},{"start":{},"end":{}}],"line":76},"6":{"loc":{"start":{"line":86,"column":4},"end":{"line":88,"column":5}},"type":"if","locations":[{"start":{"line":86,"column":4},"end":{"line":88,"column":5}},{"start":{},"end":{}}],"line":86},"7":{"loc":{"start":{"line":90,"column":4},"end":{"line":104,"column":5}},"type":"if","locations":[{"start":{"line":90,"column":4},"end":{"line":104,"column":5}},{"start":{"line":96,"column":11},"end":{"line":104,"column":5}}],"line":90},"8":{"loc":{"start":{"line":96,"column":11},"end":{"line":104,"column":5}},"type":"if","locations":[{"start":{"line":96,"column":11},"end":{"line":104,"column":5}},{"start":{"line":102,"column":11},"end":{"line":104,"column":5}}],"line":96},"9":{"loc":{"start":{"line":112,"column":4},"end":{"line":114,"column":5}},"type":"if","locations":[{"start":{"line":112,"column":4},"end":{"line":114,"column":5}},{"start":{},"end":{}}],"line":112},"10":{"loc":{"start":{"line":116,"column":4},"end":{"line":118,"column":5}},"type":"if","locations":[{"start":{"line":116,"column":4},"end":{"line":118,"column":5}},{"start":{},"end":{}}],"line":116},"11":{"loc":{"start":{"line":137,"column":4},"end":{"line":139,"column":5}},"type":"if","locations":[{"start":{"line":137,"column":4},"end":{"line":139,"column":5}},{"start":{},"end":{}}],"line":137},"12":{"loc":{"start":{"line":143,"column":4},"end":{"line":145,"column":5}},"type":"if","locations":[{"start":{"line":143,"column":4},"end":{"line":145,"column":5}},{"start":{},"end":{}}],"line":143},"13":{"loc":{"start":{"line":147,"column":4},"end":{"line":149,"column":5}},"type":"if","locations":[{"start":{"line":147,"column":4},"end":{"line":149,"column":5}},{"start":{},"end":{}}],"line":147},"14":{"loc":{"start":{"line":151,"column":23},"end":{"line":151,"column":102}},"type":"binary-expr","locations":[{"start":{"line":151,"column":23},"end":{"line":151,"column":62}},{"start":{"line":151,"column":66},"end":{"line":151,"column":102}}],"line":151},"15":{"loc":{"start":{"line":156,"column":17},"end":{"line":158,"column":50}},"type":"cond-expr","locations":[{"start":{"line":157,"column":10},"end":{"line":157,"column":56}},{"start":{"line":158,"column":10},"end":{"line":158,"column":50}}],"line":156},"16":{"loc":{"start":{"line":165,"column":2},"end":{"line":167,"column":3}},"type":"if","locations":[{"start":{"line":165,"column":2},"end":{"line":167,"column":3}},{"start":{},"end":{}}],"line":165},"17":{"loc":{"start":{"line":168,"column":40},"end":{"line":168,"column":53}},"type":"binary-expr","locations":[{"start":{"line":168,"column":40},"end":{"line":168,"column":47}},{"start":{"line":168,"column":51},"end":{"line":168,"column":53}}],"line":168}},"s":{"0":3,"1":3,"2":21,"3":21,"4":2,"5":1,"6":1,"7":1,"8":1,"9":0,"10":0,"11":3,"12":1,"13":2,"14":2,"15":2,"16":2,"17":1,"18":2,"19":13,"20":13,"21":2,"22":11,"23":3,"24":3,"25":1,"26":2,"27":1,"28":1,"29":1,"30":1,"31":1,"32":0,"33":2,"34":3,"35":3,"36":1,"37":2,"38":0,"39":2,"40":2,"41":2,"42":1,"43":1,"44":4,"45":4,"46":1,"47":3,"48":3,"49":0,"50":3,"51":1,"52":2,"53":2,"54":2,"55":2,"56":3,"57":1,"58":2},"f":{"0":21,"1":2,"2":3,"3":2,"4":13,"5":3,"6":3,"7":1,"8":4,"9":3},"b":{"0":[1,1],"1":[1,0],"2":[1,2],"3":[2,1],"4":[1,1],"5":[2,11],"6":[1,2],"7":[1,1],"8":[1,0],"9":[1,2],"10":[0,2],"11":[1,3],"12":[0,3],"13":[1,2],"14":[2,1],"15":[1,1],"16":[1,2],"17":[2,1]},"inputSourceMap":null,"_coverageSchema":"1a1c01bbd47fc00a2c39e90264f33305004495a9","hash":"837ca3823014fed774dfe9f78381ae8cedf0ce0d"}
,"C:\\Users\\luiz.torres\\Documents\\rastreamento_entregas_pweb2_bsi\\src\\services\\MotoristasService.js": {"path":"C:\\Users\\luiz.torres\\Documents\\rastreamento_entregas_pweb2_bsi\\src\\services\\MotoristasService.js","statementMap":{"0":{"start":{"line":3,"column":25},"end":{"line":6,"column":1}},"1":{"start":{"line":13,"column":4},"end":{"line":13,"column":53}},"2":{"start":{"line":17,"column":22},"end":{"line":17,"column":71}},"3":{"start":{"line":19,"column":4},"end":{"line":21,"column":5}},"4":{"start":{"line":20,"column":6},"end":{"line":20,"column":62}},"5":{"start":{"line":23,"column":4},"end":{"line":28,"column":7}},"6":{"start":{"line":32,"column":4},"end":{"line":32,"column":51}},"7":{"start":{"line":36,"column":22},"end":{"line":36,"column":77}},"8":{"start":{"line":38,"column":4},"end":{"line":40,"column":5}},"9":{"start":{"line":39,"column":6},"end":{"line":39,"column":58}},"10":{"start":{"line":42,"column":4},"end":{"line":42,"column":21}},"11":{"start":{"line":46,"column":22},"end":{"line":46,"column":48}},"12":{"start":{"line":48,"column":4},"end":{"line":53,"column":7}}},"fnMap":{"0":{"name":"(anonymous_0)","decl":{"start":{"line":12,"column":2},"end":{"line":12,"column":3}},"loc":{"start":{"line":12,"column":36},"end":{"line":14,"column":3}},"line":12},"1":{"name":"(anonymous_1)","decl":{"start":{"line":16,"column":2},"end":{"line":16,"column":3}},"loc":{"start":{"line":16,"column":52},"end":{"line":29,"column":3}},"line":16},"2":{"name":"(anonymous_2)","decl":{"start":{"line":31,"column":2},"end":{"line":31,"column":3}},"loc":{"start":{"line":31,"column":27},"end":{"line":33,"column":3}},"line":31},"3":{"name":"(anonymous_3)","decl":{"start":{"line":35,"column":2},"end":{"line":35,"column":3}},"loc":{"start":{"line":35,"column":24},"end":{"line":43,"column":3}},"line":35},"4":{"name":"(anonymous_4)","decl":{"start":{"line":45,"column":2},"end":{"line":45,"column":3}},"loc":{"start":{"line":45,"column":36},"end":{"line":54,"column":3}},"line":45}},"branchMap":{"0":{"loc":{"start":{"line":19,"column":4},"end":{"line":21,"column":5}},"type":"if","locations":[{"start":{"line":19,"column":4},"end":{"line":21,"column":5}},{"start":{},"end":{}}],"line":19},"1":{"loc":{"start":{"line":38,"column":4},"end":{"line":40,"column":5}},"type":"if","locations":[{"start":{"line":38,"column":4},"end":{"line":40,"column":5}},{"start":{},"end":{}}],"line":38}},"s":{"0":3,"1":7,"2":2,"3":2,"4":1,"5":1,"6":1,"7":2,"8":2,"9":1,"10":1,"11":1,"12":1},"f":{"0":7,"1":2,"2":1,"3":2,"4":1},"b":{"0":[1,1],"1":[1,1]},"inputSourceMap":null,"_coverageSchema":"1a1c01bbd47fc00a2c39e90264f33305004495a9","hash":"956d7424a9a492766b53b732dedab59ba2222763"}
,"C:\\Users\\luiz.torres\\Documents\\rastreamento_entregas_pweb2_bsi\\src\\utils\\AppError.js": {"path":"C:\\Users\\luiz.torres\\Documents\\rastreamento_entregas_pweb2_bsi\\src\\utils\\AppError.js","statementMap":{"0":{"start":{"line":3,"column":4},"end":{"line":3,"column":19}},"1":{"start":{"line":5,"column":4},"end":{"line":5,"column":27}},"2":{"start":{"line":6,"column":4},"end":{"line":6,"column":33}},"3":{"start":{"line":7,"column":4},"end":{"line":7,"column":27}},"4":{"start":{"line":9,"column":4},"end":{"line":9,"column":52}}},"fnMap":{"0":{"name":"(anonymous_0)","decl":{"start":{"line":2,"column":2},"end":{"line":2,"column":3}},"loc":{"start":{"line":2,"column":41},"end":{"line":10,"column":3}},"line":2}},"branchMap":{"0":{"loc":{"start":{"line":2,"column":23},"end":{"line":2,"column":39}},"type":"default-arg","locations":[{"start":{"line":2,"column":36},"end":{"line":2,"column":39}}],"line":2}},"s":{"0":28,"1":28,"2":28,"3":28,"4":28},"f":{"0":28},"b":{"0":[0]},"inputSourceMap":null,"_coverageSchema":"1a1c01bbd47fc00a2c39e90264f33305004495a9","hash":"641f56ccfd28dc319ee2e45af23a652e7523e7da"}
}
