TN:
SF:src\middlewares\autenticar.js
FN:3,autenticar
FNF:1
FNH:1
FNDA:13,autenticar
DA:4,13
DA:7,13
DA:8,3
DA:11,10
DA:12,7
DA:13,7
DA:14,6
DA:19,13
DA:22,13
DA:23,4
DA:24,1
DA:26,3
DA:29,9
DA:30,9
DA:32,5
DA:39,5
DA:42,4
DA:43,1
DA:44,1
DA:46,3
LF:20
LH:20
BRDA:7,0,0,3
BRDA:7,0,1,10
BRDA:7,1,0,13
BRDA:7,1,1,13
BRDA:11,2,0,7
BRDA:11,2,1,3
BRDA:13,3,0,6
BRDA:13,3,1,1
BRDA:13,4,0,7
BRDA:13,4,1,7
BRDA:19,5,0,13
BRDA:19,5,1,11
BRDA:22,6,0,4
BRDA:22,6,1,9
BRDA:23,7,0,1
BRDA:23,7,1,3
BRDA:42,8,0,1
BRDA:42,8,1,3
BRF:18
BRH:18
end_of_record
TN:
SF:src\middlewares\autorizar.js
FN:1,autorizar
FN:2,(anonymous_1)
FNF:2
FNH:2
FNDA:23,autorizar
FNDA:4,(anonymous_1)
DA:2,23
DA:3,4
DA:4,1
DA:8,3
DA:9,2
DA:12,1
LF:6
LH:6
BRDA:3,0,0,1
BRDA:3,0,1,3
BRDA:8,1,0,2
BRDA:8,1,1,1
BRF:4
BRH:4
end_of_record
TN:
SF:src\services\AuthService.js
FN:6,(anonymous_0)
FN:10,(anonymous_1)
FN:39,(anonymous_2)
FNF:3
FNH:3
FNDA:7,(anonymous_0)
FNDA:7,(anonymous_1)
FNDA:6,(anonymous_2)
DA:7,7
DA:11,7
DA:12,0
DA:15,7
DA:16,7
DA:17,2
DA:21,5
DA:23,5
DA:31,5
DA:40,6
DA:41,0
DA:44,6
DA:45,6
DA:46,2
DA:49,4
DA:50,4
DA:51,2
DA:54,2
DA:62,2
DA:66,2
LF:20
LH:18
BRDA:10,0,0,6
BRDA:11,1,0,0
BRDA:11,1,1,7
BRDA:11,2,0,7
BRDA:11,2,1,7
BRDA:11,2,2,7
BRDA:16,3,0,2
BRDA:16,3,1,5
BRDA:40,4,0,0
BRDA:40,4,1,6
BRDA:40,5,0,6
BRDA:40,5,1,6
BRDA:45,6,0,2
BRDA:45,6,1,4
BRDA:50,7,0,2
BRDA:50,7,1,2
BRDA:63,8,0,2
BRDA:63,8,1,0
BRF:18
BRH:15
end_of_record
TN:
SF:src\services\EntregasService.js
FN:20,(anonymous_0)
FN:25,(anonymous_1)
FN:54,(anonymous_2)
FN:62,(anonymous_3)
FN:73,(anonymous_4)
FN:83,(anonymous_5)
FN:109,(anonymous_6)
FN:129,(anonymous_7)
FN:134,(anonymous_8)
FN:164,(anonymous_9)
FNF:10
FNH:10
FNDA:21,(anonymous_0)
FNDA:2,(anonymous_1)
FNDA:3,(anonymous_2)
FNDA:2,(anonymous_3)
FNDA:13,(anonymous_4)
FNDA:3,(anonymous_5)
FNDA:3,(anonymous_6)
FNDA:1,(anonymous_7)
FNDA:4,(anonymous_8)
FNDA:3,(anonymous_9)
DA:3,3
DA:10,3
DA:21,21
DA:22,21
DA:26,2
DA:27,1
DA:30,1
DA:32,1
DA:33,1
DA:36,0
DA:51,0
DA:55,3
DA:56,1
DA:59,2
DA:63,2
DA:64,2
DA:66,2
DA:67,1
DA:70,2
DA:74,13
DA:76,13
DA:77,2
DA:80,11
DA:84,3
DA:86,3
DA:87,1
DA:90,2
DA:91,1
DA:92,1
DA:96,1
DA:97,1
DA:98,1
DA:103,0
DA:106,2
DA:110,3
DA:112,3
DA:113,1
DA:116,2
DA:117,0
DA:120,2
DA:121,2
DA:126,2
DA:130,1
DA:131,1
DA:135,4
DA:137,4
DA:138,1
DA:141,3
DA:143,3
DA:144,0
DA:147,3
DA:148,1
DA:151,2
DA:153,2
DA:154,2
DA:161,2
DA:165,3
DA:166,1
DA:168,2
LF:59
LH:54
BRDA:26,0,0,1
BRDA:26,0,1,1
BRDA:32,1,0,1
BRDA:32,1,1,0
BRDA:55,2,0,1
BRDA:55,2,1,2
BRDA:59,3,0,2
BRDA:59,3,1,1
BRDA:66,4,0,1
BRDA:66,4,1,1
BRDA:76,5,0,2
BRDA:76,5,1,11
BRDA:86,6,0,1
BRDA:86,6,1,2
BRDA:90,7,0,1
BRDA:90,7,1,1
BRDA:96,8,0,1
BRDA:96,8,1,0
BRDA:112,9,0,1
BRDA:112,9,1,2
BRDA:116,10,0,0
BRDA:116,10,1,2
BRDA:137,11,0,1
BRDA:137,11,1,3
BRDA:143,12,0,0
BRDA:143,12,1,3
BRDA:147,13,0,1
BRDA:147,13,1,2
BRDA:151,14,0,2
BRDA:151,14,1,1
BRDA:156,15,0,1
BRDA:156,15,1,1
BRDA:165,16,0,1
BRDA:165,16,1,2
BRDA:168,17,0,2
BRDA:168,17,1,1
BRF:36
BRH:32
end_of_record
TN:
SF:src\services\MotoristasService.js
FN:12,(anonymous_0)
FN:16,(anonymous_1)
FN:31,(anonymous_2)
FN:35,(anonymous_3)
FN:45,(anonymous_4)
FNF:5
FNH:5
FNDA:7,(anonymous_0)
FNDA:2,(anonymous_1)
FNDA:1,(anonymous_2)
FNDA:2,(anonymous_3)
FNDA:1,(anonymous_4)
DA:3,3
DA:13,7
DA:17,2
DA:19,2
DA:20,1
DA:23,1
DA:32,1
DA:36,2
DA:38,2
DA:39,1
DA:42,1
DA:46,1
DA:48,1
LF:13
LH:13
BRDA:19,0,0,1
BRDA:19,0,1,1
BRDA:38,1,0,1
BRDA:38,1,1,1
BRF:4
BRH:4
end_of_record
TN:
SF:src\utils\AppError.js
FN:2,(anonymous_0)
FNF:1
FNH:1
FNDA:28,(anonymous_0)
DA:3,28
DA:5,28
DA:6,28
DA:7,28
DA:9,28
LF:5
LH:5
BRDA:2,0,0,0
BRF:1
BRH:0
end_of_record
